2021-06-20 06:38:34,934 WARN com.zaxxer.hikari.pool.HikariPool [HikariPool-1 housekeeper] HikariPool-1 - Thread starvation or clock leap detected (housekeeper delta=8h15m37s737ms591µs600ns).
2021-06-20 06:39:26,867 WARN com.zaxxer.hikari.pool.HikariPool [HikariPool-1 housekeeper] HikariPool-1 - Thread starvation or clock leap detected (housekeeper delta=55s300ms42µs200ns).
2021-06-20 07:55:04,891 INFO com.cg.osm.service.ProductServiceImpl [main] Product showAllProducts()
2021-06-20 07:55:04,963 INFO com.cg.osm.service.ProductServiceImpl [main] Product findByProductId()
2021-06-20 07:55:04,979 INFO com.cg.osm.service.ProductServiceImpl [main] Product deleteProduct()
2021-06-20 07:55:05,036 INFO com.cg.osm.service.ProductServiceImpl [main] Product findByProductId()
2021-06-20 07:55:05,047 INFO com.cg.osm.service.ProductServiceImpl [main] Product updateProduct()
2021-06-20 07:55:05,062 INFO com.cg.osm.service.ProductServiceImpl [main] Product deleteProduct()
2021-06-20 07:55:05,081 INFO com.cg.osm.service.ProductServiceImpl [main] Product showAllProducts()
2021-06-20 07:55:05,090 INFO com.cg.osm.service.ProductServiceImpl [main] Product findByCategoryId()
2021-06-20 07:55:05,099 INFO com.cg.osm.service.ProductServiceImpl [main] Product findByCategoryId()
2021-06-20 07:55:05,413 INFO com.cg.osm.service.CustomerServiceImpl [main] Customer findCustomerById()
2021-06-20 07:55:05,418 INFO com.cg.osm.service.CustomerServiceImpl [main] Customer updateCustomer()
2021-06-20 07:55:05,427 INFO com.cg.osm.service.CustomerServiceImpl [main] Customer showAllCustomers()
2021-06-20 07:55:05,431 INFO com.cg.osm.service.CustomerServiceImpl [main] Customer findCustomerByName()
2021-06-20 07:55:05,436 INFO com.cg.osm.service.CustomerServiceImpl [main] Customer findCustomerById()
2021-06-20 07:55:05,443 INFO com.cg.osm.service.CustomerServiceImpl [main] Customer showAllCustomers()
2021-06-20 07:55:05,452 INFO com.cg.osm.service.CustomerServiceImpl [main] Customer findCustomerByName()
2021-06-20 07:55:05,458 INFO com.cg.osm.service.CustomerServiceImpl [main] Customer deleteCustomer()
2021-06-20 07:55:05,471 INFO com.cg.osm.service.CustomerServiceImpl [main] Customer deleteCustomer()
2021-06-20 07:55:05,636 INFO org.springframework.boot.test.context.SpringBootTestContextBootstrapper [main] Neither @ContextConfiguration nor @ContextHierarchy found for test class [com.cg.osm.service.LoginServiceTest], using SpringBootContextLoader
2021-06-20 07:55:05,646 INFO org.springframework.test.context.support.AbstractContextLoader [main] Could not detect default resource locations for test class [com.cg.osm.service.LoginServiceTest]: no resource found for suffixes {-context.xml, Context.groovy}.
2021-06-20 07:55:05,648 INFO org.springframework.test.context.support.AnnotationConfigContextLoaderUtils [main] Could not detect default configuration classes for test class [com.cg.osm.service.LoginServiceTest]: LoginServiceTest does not declare any static, non-private, non-final, nested classes annotated with @Configuration.
2021-06-20 07:55:06,039 INFO org.springframework.boot.test.context.SpringBootTestContextBootstrapper [main] Found @SpringBootConfiguration com.cg.OnlineSweetMartApplication for test class com.cg.osm.service.LoginServiceTest
2021-06-20 07:55:06,186 INFO org.springframework.boot.test.context.SpringBootTestContextBootstrapper [main] Loaded default TestExecutionListener class names from location [META-INF/spring.factories]: [org.springframework.boot.test.autoconfigure.restdocs.RestDocsTestExecutionListener, org.springframework.boot.test.autoconfigure.web.client.MockRestServiceServerResetTestExecutionListener, org.springframework.boot.test.autoconfigure.web.servlet.MockMvcPrintOnlyOnFailureTestExecutionListener, org.springframework.boot.test.autoconfigure.web.servlet.WebDriverTestExecutionListener, org.springframework.boot.test.autoconfigure.webservices.client.MockWebServiceServerTestExecutionListener, org.springframework.boot.test.mock.mockito.MockitoTestExecutionListener, org.springframework.boot.test.mock.mockito.ResetMocksTestExecutionListener, org.springframework.test.context.web.ServletTestExecutionListener, org.springframework.test.context.support.DirtiesContextBeforeModesTestExecutionListener, org.springframework.test.context.event.ApplicationEventsTestExecutionListener, org.springframework.test.context.support.DependencyInjectionTestExecutionListener, org.springframework.test.context.support.DirtiesContextTestExecutionListener, org.springframework.test.context.transaction.TransactionalTestExecutionListener, org.springframework.test.context.jdbc.SqlScriptsTestExecutionListener, org.springframework.test.context.event.EventPublishingTestExecutionListener]
2021-06-20 07:55:06,236 INFO org.springframework.boot.test.context.SpringBootTestContextBootstrapper [main] Using TestExecutionListeners: [org.springframework.test.context.web.ServletTestExecutionListener@de8039f, org.springframework.test.context.support.DirtiesContextBeforeModesTestExecutionListener@1deceb67, org.springframework.test.context.event.ApplicationEventsTestExecutionListener@582a764a, org.springframework.boot.test.mock.mockito.MockitoTestExecutionListener@64984b0f, org.springframework.boot.test.autoconfigure.SpringBootDependencyInjectionTestExecutionListener@292158f8, org.springframework.test.context.support.DirtiesContextTestExecutionListener@53ec2968, org.springframework.test.context.transaction.TransactionalTestExecutionListener@58ff8d79, org.springframework.test.context.jdbc.SqlScriptsTestExecutionListener@7e19755a, org.springframework.test.context.event.EventPublishingTestExecutionListener@5d5c04f9, org.springframework.boot.test.autoconfigure.restdocs.RestDocsTestExecutionListener@6f49d153, org.springframework.boot.test.autoconfigure.web.client.MockRestServiceServerResetTestExecutionListener@4b790d86, org.springframework.boot.test.autoconfigure.web.servlet.MockMvcPrintOnlyOnFailureTestExecutionListener@7e7f0216, org.springframework.boot.test.autoconfigure.web.servlet.WebDriverTestExecutionListener@4339baec, org.springframework.boot.test.autoconfigure.webservices.client.MockWebServiceServerTestExecutionListener@62db3891, org.springframework.boot.test.mock.mockito.ResetMocksTestExecutionListener@61cd1c71]
2021-06-20 07:55:06,846 INFO com.cg.osm.service.LoginServiceTest [main] Starting LoginServiceTest using Java 13.0.2 on DESKTOP-96FTK0U with PID 20460 (started by Almighty in C:\Users\Almighty\eclipse-workspace\OnlineSweetMart-1)
2021-06-20 07:55:06,849 INFO com.cg.osm.service.LoginServiceTest [main] No active profile set, falling back to default profiles: default
2021-06-20 07:55:06,882 INFO org.hibernate.validator.internal.util.Version [background-preinit] HV000001: Hibernate Validator 6.2.0.Final
2021-06-20 07:55:09,318 INFO org.springframework.data.repository.config.RepositoryConfigurationDelegate [main] Bootstrapping Spring Data JPA repositories in DEFAULT mode.
2021-06-20 07:55:09,441 INFO org.springframework.data.repository.config.RepositoryConfigurationDelegate [main] Finished Spring Data repository scanning in 109 ms. Found 5 JPA repository interfaces.
2021-06-20 07:55:10,565 INFO com.zaxxer.hikari.HikariDataSource [main] HikariPool-1 - Starting...
2021-06-20 07:55:14,980 INFO com.zaxxer.hikari.HikariDataSource [main] HikariPool-1 - Start completed.
2021-06-20 07:55:17,190 INFO org.hibernate.jpa.internal.util.LogHelper [main] HHH000204: Processing PersistenceUnitInfo [name: default]
2021-06-20 07:55:20,559 INFO org.hibernate.Version [main] HHH000412: Hibernate ORM core version 5.4.32.Final
2021-06-20 07:55:21,924 INFO org.hibernate.annotations.common.Version [main] HCANN000001: Hibernate Commons Annotations {5.1.2.Final}
2021-06-20 07:55:24,036 INFO org.hibernate.dialect.Dialect [main] HHH000400: Using dialect: org.hibernate.dialect.PostgreSQL10Dialect
2021-06-20 07:55:29,049 INFO org.hibernate.tuple.PojoInstantiator [main] HHH000182: No default (no-argument) constructor for class: com.cg.osm.entity.Address (class must be instantiated by Interceptor)
2021-06-20 07:55:31,973 INFO org.hibernate.engine.transaction.jta.platform.internal.JtaPlatformInitiator [main] HHH000490: Using JtaPlatform implementation: [org.hibernate.engine.transaction.jta.platform.internal.NoJtaPlatform]
2021-06-20 07:55:32,029 INFO org.springframework.orm.jpa.LocalContainerEntityManagerFactoryBean [main] Initialized JPA EntityManagerFactory for persistence unit 'default'
2021-06-20 07:55:34,648 WARN org.springframework.boot.autoconfigure.orm.jpa.JpaBaseConfiguration$JpaWebConfiguration [main] spring.jpa.open-in-view is enabled by default. Therefore, database queries may be performed during view rendering. Explicitly configure spring.jpa.open-in-view to disable this warning
2021-06-20 07:55:41,235 INFO com.cg.osm.service.LoginServiceTest [main] Started LoginServiceTest in 34.569 seconds (JVM running for 42.954)
2021-06-20 07:55:41,394 INFO com.cg.osm.service.LoginServiceImpl [main] User validateUser()
2021-06-20 07:55:41,430 INFO com.cg.osm.service.LoginServiceImpl [main] User addUser()
2021-06-20 07:55:41,452 INFO com.cg.osm.service.CategoryServiceImpl [main] Category showAllCategories()
2021-06-20 07:55:41,455 INFO com.cg.osm.service.CategoryServiceImpl [main] Category addCategory()
2021-06-20 07:55:41,462 INFO com.cg.osm.service.CategoryServiceImpl [main] Category deleteCategoryById()
2021-06-20 07:55:41,466 INFO com.cg.osm.service.CategoryServiceImpl [main] Category deleteCategoryById()
2021-06-20 07:55:41,469 INFO com.cg.osm.service.CategoryServiceImpl [main] Category showAllCategories()
2021-06-20 07:55:41,474 INFO com.cg.osm.service.CategoryServiceImpl [main] Category updateCategory()
2021-06-20 07:55:41,479 INFO com.cg.osm.service.CategoryServiceImpl [main] Category getCategoryById()
2021-06-20 07:55:41,486 INFO com.cg.osm.service.CategoryServiceImpl [main] Category getCategoryById()
2021-06-20 07:55:41,597 INFO com.cg.osm.service.SweetOrderServiceImpl [main] SweetOrder cancelSweetOrder()
2021-06-20 07:55:41,607 INFO com.cg.osm.service.SweetOrderServiceImpl [main] SweetOrder cancelSweetOrder()
2021-06-20 07:55:41,611 INFO com.cg.osm.service.SweetOrderServiceImpl [main] SweetOrder findOrderById()
2021-06-20 07:55:41,615 INFO com.cg.osm.service.SweetOrderServiceImpl [main] SweetOrder findOrdersByCustomerId()
2021-06-20 07:55:41,622 INFO com.cg.osm.service.SweetOrderServiceImpl [main] SweetOrder findOrdersByCustomerId()
2021-06-20 07:55:41,625 INFO com.cg.osm.service.SweetOrderServiceImpl [main] SweetOrder ShowAllSweetOrder()
2021-06-20 07:55:41,629 INFO com.cg.osm.service.SweetOrderServiceImpl [main] SweetOrder findOrderById()
2021-06-20 07:55:41,631 INFO com.cg.osm.service.SweetOrderServiceImpl [main] SweetOrder ShowAllSweetOrder()
2021-06-20 07:55:41,641 INFO org.springframework.boot.test.autoconfigure.web.servlet.WebMvcTestContextBootstrapper [main] Neither @ContextConfiguration nor @ContextHierarchy found for test class [com.cg.osm.controller.ProductControllerTest], using SpringBootContextLoader
2021-06-20 07:55:41,642 INFO org.springframework.test.context.support.AbstractContextLoader [main] Could not detect default resource locations for test class [com.cg.osm.controller.ProductControllerTest]: no resource found for suffixes {-context.xml, Context.groovy}.
2021-06-20 07:55:41,642 INFO org.springframework.test.context.support.AnnotationConfigContextLoaderUtils [main] Could not detect default configuration classes for test class [com.cg.osm.controller.ProductControllerTest]: ProductControllerTest does not declare any static, non-private, non-final, nested classes annotated with @Configuration.
2021-06-20 07:55:41,689 INFO org.springframework.boot.test.context.SpringBootTestContextBootstrapper [main] Found @SpringBootConfiguration com.cg.OnlineSweetMartApplication for test class com.cg.osm.controller.ProductControllerTest
2021-06-20 07:55:41,691 INFO org.springframework.boot.test.autoconfigure.web.servlet.WebMvcTestContextBootstrapper [main] Loaded default TestExecutionListener class names from location [META-INF/spring.factories]: [org.springframework.boot.test.autoconfigure.restdocs.RestDocsTestExecutionListener, org.springframework.boot.test.autoconfigure.web.client.MockRestServiceServerResetTestExecutionListener, org.springframework.boot.test.autoconfigure.web.servlet.MockMvcPrintOnlyOnFailureTestExecutionListener, org.springframework.boot.test.autoconfigure.web.servlet.WebDriverTestExecutionListener, org.springframework.boot.test.autoconfigure.webservices.client.MockWebServiceServerTestExecutionListener, org.springframework.boot.test.mock.mockito.MockitoTestExecutionListener, org.springframework.boot.test.mock.mockito.ResetMocksTestExecutionListener, org.springframework.test.context.web.ServletTestExecutionListener, org.springframework.test.context.support.DirtiesContextBeforeModesTestExecutionListener, org.springframework.test.context.event.ApplicationEventsTestExecutionListener, org.springframework.test.context.support.DependencyInjectionTestExecutionListener, org.springframework.test.context.support.DirtiesContextTestExecutionListener, org.springframework.test.context.transaction.TransactionalTestExecutionListener, org.springframework.test.context.jdbc.SqlScriptsTestExecutionListener, org.springframework.test.context.event.EventPublishingTestExecutionListener]
2021-06-20 07:55:41,691 INFO org.springframework.boot.test.autoconfigure.web.servlet.WebMvcTestContextBootstrapper [main] Using TestExecutionListeners: [org.springframework.test.context.web.ServletTestExecutionListener@704c3ca2, org.springframework.test.context.support.DirtiesContextBeforeModesTestExecutionListener@7d3a9061, org.springframework.test.context.event.ApplicationEventsTestExecutionListener@2a2f7a61, org.springframework.boot.test.mock.mockito.MockitoTestExecutionListener@8d40f07, org.springframework.boot.test.autoconfigure.SpringBootDependencyInjectionTestExecutionListener@196c8b93, org.springframework.test.context.support.DirtiesContextTestExecutionListener@307ca947, org.springframework.test.context.transaction.TransactionalTestExecutionListener@61d1315b, org.springframework.test.context.jdbc.SqlScriptsTestExecutionListener@49d5b651, org.springframework.test.context.event.EventPublishingTestExecutionListener@34989ceb, org.springframework.boot.test.autoconfigure.restdocs.RestDocsTestExecutionListener@61fb3dae, org.springframework.boot.test.autoconfigure.web.client.MockRestServiceServerResetTestExecutionListener@9c88323, org.springframework.boot.test.autoconfigure.web.servlet.MockMvcPrintOnlyOnFailureTestExecutionListener@6d4bdb75, org.springframework.boot.test.autoconfigure.web.servlet.WebDriverTestExecutionListener@1dc47df3, org.springframework.boot.test.autoconfigure.webservices.client.MockWebServiceServerTestExecutionListener@256a25a8, org.springframework.boot.test.mock.mockito.ResetMocksTestExecutionListener@68f67bbd]
2021-06-20 07:55:41,755 INFO com.cg.osm.controller.ProductControllerTest [main] Starting ProductControllerTest using Java 13.0.2 on DESKTOP-96FTK0U with PID 20460 (started by Almighty in C:\Users\Almighty\eclipse-workspace\OnlineSweetMart-1)
2021-06-20 07:55:41,757 INFO com.cg.osm.controller.ProductControllerTest [main] No active profile set, falling back to default profiles: default
2021-06-20 07:55:43,899 INFO org.springframework.boot.test.mock.web.SpringBootMockServletContext [main] Initializing Spring TestDispatcherServlet ''
2021-06-20 07:55:43,899 INFO org.springframework.test.web.servlet.TestDispatcherServlet [main] Initializing Servlet ''
2021-06-20 07:55:43,900 INFO org.springframework.test.web.servlet.TestDispatcherServlet [main] Completed initialization in 1 ms
2021-06-20 07:55:44,027 INFO com.cg.osm.controller.ProductControllerTest [main] Started ProductControllerTest in 2.331 seconds (JVM running for 45.746)
2021-06-20 07:55:44,473 INFO com.cg.osm.controller.ProductController [main] Product addProduct()
2021-06-20 07:55:44,567 INFO com.cg.osm.controller.ProductController [main] Product getProductById()
2021-06-20 07:55:44,605 INFO com.cg.osm.controller.ProductController [main] Product deleteProduct()
2021-06-20 07:55:44,618 INFO com.cg.osm.controller.ProductController [main] Product updateProduct()
2021-06-20 07:55:44,633 INFO com.cg.osm.controller.ProductController [main] Product deleteProduct()
2021-06-20 07:55:44,654 INFO com.cg.osm.controller.ProductController [main] Product showProducts()
2021-06-20 07:55:44,664 INFO com.cg.osm.controller.ProductController [main] Product addProduct()
2021-06-20 07:55:44,675 INFO com.cg.osm.controller.ProductController [main] Product showProductsOnCategory()
2021-06-20 07:55:44,686 INFO com.cg.osm.controller.ProductController [main] Product showProductsOnCategory()
2021-06-20 07:55:44,695 INFO com.cg.osm.controller.ProductController [main] Product updateProduct()
2021-06-20 07:55:44,704 INFO com.cg.osm.controller.ProductController [main] Product showProducts()
2021-06-20 07:55:44,712 INFO org.springframework.boot.test.autoconfigure.web.servlet.WebMvcTestContextBootstrapper [main] Neither @ContextConfiguration nor @ContextHierarchy found for test class [com.cg.osm.controller.SweetControllerTest], using SpringBootContextLoader
2021-06-20 07:55:44,714 INFO org.springframework.test.context.support.AbstractContextLoader [main] Could not detect default resource locations for test class [com.cg.osm.controller.SweetControllerTest]: no resource found for suffixes {-context.xml, Context.groovy}.
2021-06-20 07:55:44,714 INFO org.springframework.test.context.support.AnnotationConfigContextLoaderUtils [main] Could not detect default configuration classes for test class [com.cg.osm.controller.SweetControllerTest]: SweetControllerTest does not declare any static, non-private, non-final, nested classes annotated with @Configuration.
2021-06-20 07:55:44,717 INFO org.springframework.boot.test.context.SpringBootTestContextBootstrapper [main] Found @SpringBootConfiguration com.cg.OnlineSweetMartApplication for test class com.cg.osm.controller.SweetControllerTest
2021-06-20 07:55:44,718 INFO org.springframework.boot.test.autoconfigure.web.servlet.WebMvcTestContextBootstrapper [main] Loaded default TestExecutionListener class names from location [META-INF/spring.factories]: [org.springframework.boot.test.autoconfigure.restdocs.RestDocsTestExecutionListener, org.springframework.boot.test.autoconfigure.web.client.MockRestServiceServerResetTestExecutionListener, org.springframework.boot.test.autoconfigure.web.servlet.MockMvcPrintOnlyOnFailureTestExecutionListener, org.springframework.boot.test.autoconfigure.web.servlet.WebDriverTestExecutionListener, org.springframework.boot.test.autoconfigure.webservices.client.MockWebServiceServerTestExecutionListener, org.springframework.boot.test.mock.mockito.MockitoTestExecutionListener, org.springframework.boot.test.mock.mockito.ResetMocksTestExecutionListener, org.springframework.test.context.web.ServletTestExecutionListener, org.springframework.test.context.support.DirtiesContextBeforeModesTestExecutionListener, org.springframework.test.context.event.ApplicationEventsTestExecutionListener, org.springframework.test.context.support.DependencyInjectionTestExecutionListener, org.springframework.test.context.support.DirtiesContextTestExecutionListener, org.springframework.test.context.transaction.TransactionalTestExecutionListener, org.springframework.test.context.jdbc.SqlScriptsTestExecutionListener, org.springframework.test.context.event.EventPublishingTestExecutionListener]
2021-06-20 07:55:44,719 INFO org.springframework.boot.test.autoconfigure.web.servlet.WebMvcTestContextBootstrapper [main] Using TestExecutionListeners: [org.springframework.test.context.web.ServletTestExecutionListener@7917317d, org.springframework.test.context.support.DirtiesContextBeforeModesTestExecutionListener@5319f982, org.springframework.test.context.event.ApplicationEventsTestExecutionListener@4ed74b13, org.springframework.boot.test.mock.mockito.MockitoTestExecutionListener@463fc3f6, org.springframework.boot.test.autoconfigure.SpringBootDependencyInjectionTestExecutionListener@6e38e95, org.springframework.test.context.support.DirtiesContextTestExecutionListener@1aaab222, org.springframework.test.context.transaction.TransactionalTestExecutionListener@6ed1fdb7, org.springframework.test.context.jdbc.SqlScriptsTestExecutionListener@5649a3e8, org.springframework.test.context.event.EventPublishingTestExecutionListener@4cc40892, org.springframework.boot.test.autoconfigure.restdocs.RestDocsTestExecutionListener@330888a, org.springframework.boot.test.autoconfigure.web.client.MockRestServiceServerResetTestExecutionListener@62edf11e, org.springframework.boot.test.autoconfigure.web.servlet.MockMvcPrintOnlyOnFailureTestExecutionListener@79205848, org.springframework.boot.test.autoconfigure.web.servlet.WebDriverTestExecutionListener@154c4f66, org.springframework.boot.test.autoconfigure.webservices.client.MockWebServiceServerTestExecutionListener@12bff19d, org.springframework.boot.test.mock.mockito.ResetMocksTestExecutionListener@1f5797d5]
2021-06-20 07:55:44,772 INFO com.cg.osm.controller.SweetControllerTest [main] Starting SweetControllerTest using Java 13.0.2 on DESKTOP-96FTK0U with PID 20460 (started by Almighty in C:\Users\Almighty\eclipse-workspace\OnlineSweetMart-1)
2021-06-20 07:55:44,774 INFO com.cg.osm.controller.SweetControllerTest [main] No active profile set, falling back to default profiles: default
2021-06-20 07:55:46,352 INFO org.springframework.boot.test.mock.web.SpringBootMockServletContext [main] Initializing Spring TestDispatcherServlet ''
2021-06-20 07:55:46,353 INFO org.springframework.test.web.servlet.TestDispatcherServlet [main] Initializing Servlet ''
2021-06-20 07:55:46,354 INFO org.springframework.test.web.servlet.TestDispatcherServlet [main] Completed initialization in 1 ms
2021-06-20 07:55:46,464 INFO com.cg.osm.controller.SweetControllerTest [main] Started SweetControllerTest in 1.742 seconds (JVM running for 48.183)
2021-06-20 07:55:46,474 INFO com.cg.osm.controller.SweetController [main] SweetOrder retreiveAllSweet()
2021-06-20 07:55:46,489 INFO com.cg.osm.controller.SweetController [main] SweetOrder cancelSweetOrder()
2021-06-20 07:55:46,501 INFO com.cg.osm.controller.SweetController [main] SweetOrder findOrderBySweetOrderId()
2021-06-20 07:55:46,513 INFO com.cg.osm.controller.SweetController [main] SweetOrder findOrdersByCustomerId()
2021-06-20 07:55:46,547 INFO com.cg.osm.controller.SweetController [main] SweetOrder addSweetOrder()
2021-06-20 07:55:46,556 INFO com.cg.osm.controller.SweetController [main] SweetOrder cancelSweetOrder()
2021-06-20 07:55:46,581 INFO com.cg.osm.controller.SweetController [main] SweetOrder findOrdersByCustomerId()
2021-06-20 07:55:46,602 INFO com.cg.osm.controller.SweetController [main] SweetOrder retreiveAllSweet()
2021-06-20 07:55:46,614 INFO org.springframework.boot.test.autoconfigure.web.servlet.WebMvcTestContextBootstrapper [main] Neither @ContextConfiguration nor @ContextHierarchy found for test class [com.cg.osm.controller.CategoryControllerTest], using SpringBootContextLoader
2021-06-20 07:55:46,617 INFO org.springframework.test.context.support.AbstractContextLoader [main] Could not detect default resource locations for test class [com.cg.osm.controller.CategoryControllerTest]: no resource found for suffixes {-context.xml, Context.groovy}.
2021-06-20 07:55:46,617 INFO org.springframework.test.context.support.AnnotationConfigContextLoaderUtils [main] Could not detect default configuration classes for test class [com.cg.osm.controller.CategoryControllerTest]: CategoryControllerTest does not declare any static, non-private, non-final, nested classes annotated with @Configuration.
2021-06-20 07:55:46,626 INFO org.springframework.boot.test.context.SpringBootTestContextBootstrapper [main] Found @SpringBootConfiguration com.cg.OnlineSweetMartApplication for test class com.cg.osm.controller.CategoryControllerTest
2021-06-20 07:55:46,627 INFO org.springframework.boot.test.autoconfigure.web.servlet.WebMvcTestContextBootstrapper [main] Loaded default TestExecutionListener class names from location [META-INF/spring.factories]: [org.springframework.boot.test.autoconfigure.restdocs.RestDocsTestExecutionListener, org.springframework.boot.test.autoconfigure.web.client.MockRestServiceServerResetTestExecutionListener, org.springframework.boot.test.autoconfigure.web.servlet.MockMvcPrintOnlyOnFailureTestExecutionListener, org.springframework.boot.test.autoconfigure.web.servlet.WebDriverTestExecutionListener, org.springframework.boot.test.autoconfigure.webservices.client.MockWebServiceServerTestExecutionListener, org.springframework.boot.test.mock.mockito.MockitoTestExecutionListener, org.springframework.boot.test.mock.mockito.ResetMocksTestExecutionListener, org.springframework.test.context.web.ServletTestExecutionListener, org.springframework.test.context.support.DirtiesContextBeforeModesTestExecutionListener, org.springframework.test.context.event.ApplicationEventsTestExecutionListener, org.springframework.test.context.support.DependencyInjectionTestExecutionListener, org.springframework.test.context.support.DirtiesContextTestExecutionListener, org.springframework.test.context.transaction.TransactionalTestExecutionListener, org.springframework.test.context.jdbc.SqlScriptsTestExecutionListener, org.springframework.test.context.event.EventPublishingTestExecutionListener]
2021-06-20 07:55:46,627 INFO org.springframework.boot.test.autoconfigure.web.servlet.WebMvcTestContextBootstrapper [main] Using TestExecutionListeners: [org.springframework.test.context.web.ServletTestExecutionListener@33b09909, org.springframework.test.context.support.DirtiesContextBeforeModesTestExecutionListener@3003b9ad, org.springframework.test.context.event.ApplicationEventsTestExecutionListener@b7a74ac, org.springframework.boot.test.mock.mockito.MockitoTestExecutionListener@54077082, org.springframework.boot.test.autoconfigure.SpringBootDependencyInjectionTestExecutionListener@63c8d3da, org.springframework.test.context.support.DirtiesContextTestExecutionListener@4e2bd0df, org.springframework.test.context.transaction.TransactionalTestExecutionListener@162c02a2, org.springframework.test.context.jdbc.SqlScriptsTestExecutionListener@79c0e385, org.springframework.test.context.event.EventPublishingTestExecutionListener@5c33b964, org.springframework.boot.test.autoconfigure.restdocs.RestDocsTestExecutionListener@4c0e2715, org.springframework.boot.test.autoconfigure.web.client.MockRestServiceServerResetTestExecutionListener@3a410524, org.springframework.boot.test.autoconfigure.web.servlet.MockMvcPrintOnlyOnFailureTestExecutionListener@44e31522, org.springframework.boot.test.autoconfigure.web.servlet.WebDriverTestExecutionListener@55a7c43, org.springframework.boot.test.autoconfigure.webservices.client.MockWebServiceServerTestExecutionListener@3851c572, org.springframework.boot.test.mock.mockito.ResetMocksTestExecutionListener@a0b8f79]
2021-06-20 07:55:46,699 INFO com.cg.osm.controller.CategoryControllerTest [main] Starting CategoryControllerTest using Java 13.0.2 on DESKTOP-96FTK0U with PID 20460 (started by Almighty in C:\Users\Almighty\eclipse-workspace\OnlineSweetMart-1)
2021-06-20 07:55:46,699 INFO com.cg.osm.controller.CategoryControllerTest [main] No active profile set, falling back to default profiles: default
2021-06-20 07:55:48,227 INFO org.springframework.boot.test.mock.web.SpringBootMockServletContext [main] Initializing Spring TestDispatcherServlet ''
2021-06-20 07:55:48,227 INFO org.springframework.test.web.servlet.TestDispatcherServlet [main] Initializing Servlet ''
2021-06-20 07:55:48,228 INFO org.springframework.test.web.servlet.TestDispatcherServlet [main] Completed initialization in 1 ms
2021-06-20 07:55:48,285 INFO com.cg.osm.controller.CategoryControllerTest [main] Started CategoryControllerTest in 1.649 seconds (JVM running for 50.005)
2021-06-20 07:55:48,305 INFO com.cg.osm.controller.CategoryController [main] Category updateCategory()
2021-06-20 07:55:48,317 INFO com.cg.osm.controller.CategoryController [main] Category updateCategory()
2021-06-20 07:55:48,335 INFO com.cg.osm.controller.CategoryController [main] Category addCategory()
2021-06-20 07:55:48,349 INFO com.cg.osm.controller.CategoryController [main] Category deleteCategoryById()
2021-06-20 07:55:48,367 INFO com.cg.osm.controller.CategoryController [main] Category showAllCategories()
2021-06-20 07:55:48,377 INFO com.cg.osm.controller.CategoryController [main] Category showAllCategories()
2021-06-20 07:55:48,388 INFO com.cg.osm.controller.CategoryController [main] Category getCategoryById()
2021-06-20 07:55:48,411 INFO org.springframework.boot.test.autoconfigure.web.servlet.WebMvcTestContextBootstrapper [main] Neither @ContextConfiguration nor @ContextHierarchy found for test class [com.cg.osm.controller.CustomerControllerTest], using SpringBootContextLoader
2021-06-20 07:55:48,412 INFO org.springframework.test.context.support.AbstractContextLoader [main] Could not detect default resource locations for test class [com.cg.osm.controller.CustomerControllerTest]: no resource found for suffixes {-context.xml, Context.groovy}.
2021-06-20 07:55:48,412 INFO org.springframework.test.context.support.AnnotationConfigContextLoaderUtils [main] Could not detect default configuration classes for test class [com.cg.osm.controller.CustomerControllerTest]: CustomerControllerTest does not declare any static, non-private, non-final, nested classes annotated with @Configuration.
2021-06-20 07:55:48,415 INFO org.springframework.boot.test.context.SpringBootTestContextBootstrapper [main] Found @SpringBootConfiguration com.cg.OnlineSweetMartApplication for test class com.cg.osm.controller.CustomerControllerTest
2021-06-20 07:55:48,416 INFO org.springframework.boot.test.autoconfigure.web.servlet.WebMvcTestContextBootstrapper [main] Loaded default TestExecutionListener class names from location [META-INF/spring.factories]: [org.springframework.boot.test.autoconfigure.restdocs.RestDocsTestExecutionListener, org.springframework.boot.test.autoconfigure.web.client.MockRestServiceServerResetTestExecutionListener, org.springframework.boot.test.autoconfigure.web.servlet.MockMvcPrintOnlyOnFailureTestExecutionListener, org.springframework.boot.test.autoconfigure.web.servlet.WebDriverTestExecutionListener, org.springframework.boot.test.autoconfigure.webservices.client.MockWebServiceServerTestExecutionListener, org.springframework.boot.test.mock.mockito.MockitoTestExecutionListener, org.springframework.boot.test.mock.mockito.ResetMocksTestExecutionListener, org.springframework.test.context.web.ServletTestExecutionListener, org.springframework.test.context.support.DirtiesContextBeforeModesTestExecutionListener, org.springframework.test.context.event.ApplicationEventsTestExecutionListener, org.springframework.test.context.support.DependencyInjectionTestExecutionListener, org.springframework.test.context.support.DirtiesContextTestExecutionListener, org.springframework.test.context.transaction.TransactionalTestExecutionListener, org.springframework.test.context.jdbc.SqlScriptsTestExecutionListener, org.springframework.test.context.event.EventPublishingTestExecutionListener]
2021-06-20 07:55:48,416 INFO org.springframework.boot.test.autoconfigure.web.servlet.WebMvcTestContextBootstrapper [main] Using TestExecutionListeners: [org.springframework.test.context.web.ServletTestExecutionListener@448ec893, org.springframework.test.context.support.DirtiesContextBeforeModesTestExecutionListener@add99a4, org.springframework.test.context.event.ApplicationEventsTestExecutionListener@549eeaa3, org.springframework.boot.test.mock.mockito.MockitoTestExecutionListener@2bd9b7cc, org.springframework.boot.test.autoconfigure.SpringBootDependencyInjectionTestExecutionListener@19a13874, org.springframework.test.context.support.DirtiesContextTestExecutionListener@7f57925d, org.springframework.test.context.transaction.TransactionalTestExecutionListener@5c3fb4e6, org.springframework.test.context.jdbc.SqlScriptsTestExecutionListener@3a3e0f7a, org.springframework.test.context.event.EventPublishingTestExecutionListener@2a4cf2d1, org.springframework.boot.test.autoconfigure.restdocs.RestDocsTestExecutionListener@69ca48bf, org.springframework.boot.test.autoconfigure.web.client.MockRestServiceServerResetTestExecutionListener@48f359e4, org.springframework.boot.test.autoconfigure.web.servlet.MockMvcPrintOnlyOnFailureTestExecutionListener@27cda5f, org.springframework.boot.test.autoconfigure.web.servlet.WebDriverTestExecutionListener@4feb7abb, org.springframework.boot.test.autoconfigure.webservices.client.MockWebServiceServerTestExecutionListener@745f4c49, org.springframework.boot.test.mock.mockito.ResetMocksTestExecutionListener@2631075f]
2021-06-20 07:55:48,537 INFO com.cg.osm.controller.CustomerControllerTest [main] Starting CustomerControllerTest using Java 13.0.2 on DESKTOP-96FTK0U with PID 20460 (started by Almighty in C:\Users\Almighty\eclipse-workspace\OnlineSweetMart-1)
2021-06-20 07:55:48,542 INFO com.cg.osm.controller.CustomerControllerTest [main] No active profile set, falling back to default profiles: default
2021-06-20 07:55:50,105 INFO org.springframework.boot.test.mock.web.SpringBootMockServletContext [main] Initializing Spring TestDispatcherServlet ''
2021-06-20 07:55:50,106 INFO org.springframework.test.web.servlet.TestDispatcherServlet [main] Initializing Servlet ''
2021-06-20 07:55:50,107 INFO org.springframework.test.web.servlet.TestDispatcherServlet [main] Completed initialization in 1 ms
2021-06-20 07:55:50,215 INFO com.cg.osm.controller.CustomerControllerTest [main] Started CustomerControllerTest in 1.795 seconds (JVM running for 51.934)
2021-06-20 07:55:50,228 INFO com.cg.osm.controller.CustomerController [main] Customer findCustomerById()
2021-06-20 07:55:50,250 INFO com.cg.osm.controller.CustomerController [main] Customer showAllCustomers()
2021-06-20 07:55:50,293 INFO com.cg.osm.controller.CustomerController [main] Customer findCustomerByName()
2021-06-20 07:55:50,300 INFO com.cg.osm.controller.CustomerController [main] Customer deleteCustomer()
2021-06-20 07:55:50,307 INFO com.cg.osm.controller.CustomerController [main] Customer showAllCustomers()
2021-06-20 07:55:50,317 INFO com.cg.osm.controller.CustomerController [main] Customer deleteCustomer()
2021-06-20 07:55:50,345 INFO org.springframework.orm.jpa.LocalContainerEntityManagerFactoryBean [SpringApplicationShutdownHook] Closing JPA EntityManagerFactory for persistence unit 'default'
2021-06-20 07:55:50,350 INFO com.zaxxer.hikari.HikariDataSource [SpringApplicationShutdownHook] HikariPool-1 - Shutdown initiated...
2021-06-20 07:55:50,417 INFO com.zaxxer.hikari.HikariDataSource [SpringApplicationShutdownHook] HikariPool-1 - Shutdown completed.
2021-06-20 07:55:59,956 INFO com.cg.osm.service.ProductServiceImpl [main] Product showAllProducts()
2021-06-20 07:55:59,990 INFO com.cg.osm.service.ProductServiceImpl [main] Product findByProductId()
2021-06-20 07:55:59,999 INFO com.cg.osm.service.ProductServiceImpl [main] Product deleteProduct()
2021-06-20 07:56:00,016 INFO com.cg.osm.service.ProductServiceImpl [main] Product findByProductId()
2021-06-20 07:56:00,020 INFO com.cg.osm.service.ProductServiceImpl [main] Product updateProduct()
2021-06-20 07:56:00,027 INFO com.cg.osm.service.ProductServiceImpl [main] Product deleteProduct()
2021-06-20 07:56:00,031 INFO com.cg.osm.service.ProductServiceImpl [main] Product showAllProducts()
2021-06-20 07:56:00,033 INFO com.cg.osm.service.ProductServiceImpl [main] Product findByCategoryId()
2021-06-20 07:56:00,037 INFO com.cg.osm.service.ProductServiceImpl [main] Product findByCategoryId()
2021-06-20 07:56:00,168 INFO com.cg.osm.service.CustomerServiceImpl [main] Customer findCustomerById()
2021-06-20 07:56:00,170 INFO com.cg.osm.service.CustomerServiceImpl [main] Customer updateCustomer()
2021-06-20 07:56:00,173 INFO com.cg.osm.service.CustomerServiceImpl [main] Customer showAllCustomers()
2021-06-20 07:56:00,175 INFO com.cg.osm.service.CustomerServiceImpl [main] Customer findCustomerByName()
2021-06-20 07:56:00,177 INFO com.cg.osm.service.CustomerServiceImpl [main] Customer findCustomerById()
2021-06-20 07:56:00,181 INFO com.cg.osm.service.CustomerServiceImpl [main] Customer showAllCustomers()
2021-06-20 07:56:00,184 INFO com.cg.osm.service.CustomerServiceImpl [main] Customer findCustomerByName()
2021-06-20 07:56:00,188 INFO com.cg.osm.service.CustomerServiceImpl [main] Customer deleteCustomer()
2021-06-20 07:56:00,192 INFO com.cg.osm.service.CustomerServiceImpl [main] Customer deleteCustomer()
2021-06-20 07:56:00,336 INFO org.springframework.boot.test.context.SpringBootTestContextBootstrapper [main] Neither @ContextConfiguration nor @ContextHierarchy found for test class [com.cg.osm.service.LoginServiceTest], using SpringBootContextLoader
2021-06-20 07:56:00,341 INFO org.springframework.test.context.support.AbstractContextLoader [main] Could not detect default resource locations for test class [com.cg.osm.service.LoginServiceTest]: no resource found for suffixes {-context.xml, Context.groovy}.
2021-06-20 07:56:00,342 INFO org.springframework.test.context.support.AnnotationConfigContextLoaderUtils [main] Could not detect default configuration classes for test class [com.cg.osm.service.LoginServiceTest]: LoginServiceTest does not declare any static, non-private, non-final, nested classes annotated with @Configuration.
2021-06-20 07:56:00,506 INFO org.springframework.boot.test.context.SpringBootTestContextBootstrapper [main] Found @SpringBootConfiguration com.cg.OnlineSweetMartApplication for test class com.cg.osm.service.LoginServiceTest
2021-06-20 07:56:00,642 INFO org.springframework.boot.test.context.SpringBootTestContextBootstrapper [main] Loaded default TestExecutionListener class names from location [META-INF/spring.factories]: [org.springframework.boot.test.autoconfigure.restdocs.RestDocsTestExecutionListener, org.springframework.boot.test.autoconfigure.web.client.MockRestServiceServerResetTestExecutionListener, org.springframework.boot.test.autoconfigure.web.servlet.MockMvcPrintOnlyOnFailureTestExecutionListener, org.springframework.boot.test.autoconfigure.web.servlet.WebDriverTestExecutionListener, org.springframework.boot.test.autoconfigure.webservices.client.MockWebServiceServerTestExecutionListener, org.springframework.boot.test.mock.mockito.MockitoTestExecutionListener, org.springframework.boot.test.mock.mockito.ResetMocksTestExecutionListener, org.springframework.test.context.web.ServletTestExecutionListener, org.springframework.test.context.support.DirtiesContextBeforeModesTestExecutionListener, org.springframework.test.context.event.ApplicationEventsTestExecutionListener, org.springframework.test.context.support.DependencyInjectionTestExecutionListener, org.springframework.test.context.support.DirtiesContextTestExecutionListener, org.springframework.test.context.transaction.TransactionalTestExecutionListener, org.springframework.test.context.jdbc.SqlScriptsTestExecutionListener, org.springframework.test.context.event.EventPublishingTestExecutionListener]
2021-06-20 07:56:00,697 INFO org.springframework.boot.test.context.SpringBootTestContextBootstrapper [main] Using TestExecutionListeners: [org.springframework.test.context.web.ServletTestExecutionListener@de8039f, org.springframework.test.context.support.DirtiesContextBeforeModesTestExecutionListener@1deceb67, org.springframework.test.context.event.ApplicationEventsTestExecutionListener@582a764a, org.springframework.boot.test.mock.mockito.MockitoTestExecutionListener@64984b0f, org.springframework.boot.test.autoconfigure.SpringBootDependencyInjectionTestExecutionListener@292158f8, org.springframework.test.context.support.DirtiesContextTestExecutionListener@53ec2968, org.springframework.test.context.transaction.TransactionalTestExecutionListener@58ff8d79, org.springframework.test.context.jdbc.SqlScriptsTestExecutionListener@7e19755a, org.springframework.test.context.event.EventPublishingTestExecutionListener@5d5c04f9, org.springframework.boot.test.autoconfigure.restdocs.RestDocsTestExecutionListener@6f49d153, org.springframework.boot.test.autoconfigure.web.client.MockRestServiceServerResetTestExecutionListener@4b790d86, org.springframework.boot.test.autoconfigure.web.servlet.MockMvcPrintOnlyOnFailureTestExecutionListener@7e7f0216, org.springframework.boot.test.autoconfigure.web.servlet.WebDriverTestExecutionListener@4339baec, org.springframework.boot.test.autoconfigure.webservices.client.MockWebServiceServerTestExecutionListener@62db3891, org.springframework.boot.test.mock.mockito.ResetMocksTestExecutionListener@61cd1c71]
2021-06-20 07:56:01,197 INFO com.cg.osm.service.LoginServiceTest [main] Starting LoginServiceTest using Java 13.0.2 on DESKTOP-96FTK0U with PID 19164 (started by Almighty in C:\Users\Almighty\eclipse-workspace\OnlineSweetMart-1)
2021-06-20 07:56:01,206 INFO com.cg.osm.service.LoginServiceTest [main] No active profile set, falling back to default profiles: default
2021-06-20 07:56:01,230 INFO org.hibernate.validator.internal.util.Version [background-preinit] HV000001: Hibernate Validator 6.2.0.Final
2021-06-20 07:56:03,241 INFO org.springframework.data.repository.config.RepositoryConfigurationDelegate [main] Bootstrapping Spring Data JPA repositories in DEFAULT mode.
2021-06-20 07:56:03,374 INFO org.springframework.data.repository.config.RepositoryConfigurationDelegate [main] Finished Spring Data repository scanning in 120 ms. Found 5 JPA repository interfaces.
2021-06-20 07:56:04,433 INFO com.zaxxer.hikari.HikariDataSource [main] HikariPool-1 - Starting...
2021-06-20 07:56:05,166 INFO com.zaxxer.hikari.HikariDataSource [main] HikariPool-1 - Start completed.
2021-06-20 07:56:05,464 INFO org.hibernate.jpa.internal.util.LogHelper [main] HHH000204: Processing PersistenceUnitInfo [name: default]
2021-06-20 07:56:05,603 INFO org.hibernate.Version [main] HHH000412: Hibernate ORM core version 5.4.32.Final
2021-06-20 07:56:05,718 INFO org.hibernate.annotations.common.Version [main] HCANN000001: Hibernate Commons Annotations {5.1.2.Final}
2021-06-20 07:56:05,954 INFO org.hibernate.dialect.Dialect [main] HHH000400: Using dialect: org.hibernate.dialect.PostgreSQL10Dialect
2021-06-20 07:56:06,818 INFO org.hibernate.tuple.PojoInstantiator [main] HHH000182: No default (no-argument) constructor for class: com.cg.osm.entity.Address (class must be instantiated by Interceptor)
2021-06-20 07:56:08,001 INFO org.hibernate.engine.transaction.jta.platform.internal.JtaPlatformInitiator [main] HHH000490: Using JtaPlatform implementation: [org.hibernate.engine.transaction.jta.platform.internal.NoJtaPlatform]
2021-06-20 07:56:08,012 INFO org.springframework.orm.jpa.LocalContainerEntityManagerFactoryBean [main] Initialized JPA EntityManagerFactory for persistence unit 'default'
2021-06-20 07:56:09,799 WARN org.springframework.boot.autoconfigure.orm.jpa.JpaBaseConfiguration$JpaWebConfiguration [main] spring.jpa.open-in-view is enabled by default. Therefore, database queries may be performed during view rendering. Explicitly configure spring.jpa.open-in-view to disable this warning
2021-06-20 07:56:13,514 INFO com.cg.osm.service.LoginServiceTest [main] Started LoginServiceTest in 12.754 seconds (JVM running for 16.358)
2021-06-20 07:56:13,609 INFO com.cg.osm.service.LoginServiceImpl [main] User validateUser()
2021-06-20 07:56:13,640 INFO com.cg.osm.service.LoginServiceImpl [main] User addUser()
2021-06-20 07:56:13,679 INFO com.cg.osm.service.CategoryServiceImpl [main] Category showAllCategories()
2021-06-20 07:56:13,682 INFO com.cg.osm.service.CategoryServiceImpl [main] Category addCategory()
2021-06-20 07:56:13,686 INFO com.cg.osm.service.CategoryServiceImpl [main] Category deleteCategoryById()
2021-06-20 07:56:13,689 INFO com.cg.osm.service.CategoryServiceImpl [main] Category deleteCategoryById()
2021-06-20 07:56:13,692 INFO com.cg.osm.service.CategoryServiceImpl [main] Category showAllCategories()
2021-06-20 07:56:13,695 INFO com.cg.osm.service.CategoryServiceImpl [main] Category updateCategory()
2021-06-20 07:56:13,698 INFO com.cg.osm.service.CategoryServiceImpl [main] Category getCategoryById()
2021-06-20 07:56:13,700 INFO com.cg.osm.service.CategoryServiceImpl [main] Category getCategoryById()
2021-06-20 07:56:13,746 INFO com.cg.osm.service.SweetOrderServiceImpl [main] SweetOrder cancelSweetOrder()
2021-06-20 07:56:13,754 INFO com.cg.osm.service.SweetOrderServiceImpl [main] SweetOrder cancelSweetOrder()
2021-06-20 07:56:13,757 INFO com.cg.osm.service.SweetOrderServiceImpl [main] SweetOrder findOrderById()
2021-06-20 07:56:13,760 INFO com.cg.osm.service.SweetOrderServiceImpl [main] SweetOrder findOrdersByCustomerId()
2021-06-20 07:56:13,765 INFO com.cg.osm.service.SweetOrderServiceImpl [main] SweetOrder findOrdersByCustomerId()
2021-06-20 07:56:13,769 INFO com.cg.osm.service.SweetOrderServiceImpl [main] SweetOrder ShowAllSweetOrder()
2021-06-20 07:56:13,771 INFO com.cg.osm.service.SweetOrderServiceImpl [main] SweetOrder findOrderById()
2021-06-20 07:56:13,773 INFO com.cg.osm.service.SweetOrderServiceImpl [main] SweetOrder ShowAllSweetOrder()
2021-06-20 07:56:13,798 INFO org.springframework.boot.test.autoconfigure.web.servlet.WebMvcTestContextBootstrapper [main] Neither @ContextConfiguration nor @ContextHierarchy found for test class [com.cg.osm.controller.ProductControllerTest], using SpringBootContextLoader
2021-06-20 07:56:13,802 INFO org.springframework.test.context.support.AbstractContextLoader [main] Could not detect default resource locations for test class [com.cg.osm.controller.ProductControllerTest]: no resource found for suffixes {-context.xml, Context.groovy}.
2021-06-20 07:56:13,802 INFO org.springframework.test.context.support.AnnotationConfigContextLoaderUtils [main] Could not detect default configuration classes for test class [com.cg.osm.controller.ProductControllerTest]: ProductControllerTest does not declare any static, non-private, non-final, nested classes annotated with @Configuration.
2021-06-20 07:56:13,849 INFO org.springframework.boot.test.context.SpringBootTestContextBootstrapper [main] Found @SpringBootConfiguration com.cg.OnlineSweetMartApplication for test class com.cg.osm.controller.ProductControllerTest
2021-06-20 07:56:13,853 INFO org.springframework.boot.test.autoconfigure.web.servlet.WebMvcTestContextBootstrapper [main] Loaded default TestExecutionListener class names from location [META-INF/spring.factories]: [org.springframework.boot.test.autoconfigure.restdocs.RestDocsTestExecutionListener, org.springframework.boot.test.autoconfigure.web.client.MockRestServiceServerResetTestExecutionListener, org.springframework.boot.test.autoconfigure.web.servlet.MockMvcPrintOnlyOnFailureTestExecutionListener, org.springframework.boot.test.autoconfigure.web.servlet.WebDriverTestExecutionListener, org.springframework.boot.test.autoconfigure.webservices.client.MockWebServiceServerTestExecutionListener, org.springframework.boot.test.mock.mockito.MockitoTestExecutionListener, org.springframework.boot.test.mock.mockito.ResetMocksTestExecutionListener, org.springframework.test.context.web.ServletTestExecutionListener, org.springframework.test.context.support.DirtiesContextBeforeModesTestExecutionListener, org.springframework.test.context.event.ApplicationEventsTestExecutionListener, org.springframework.test.context.support.DependencyInjectionTestExecutionListener, org.springframework.test.context.support.DirtiesContextTestExecutionListener, org.springframework.test.context.transaction.TransactionalTestExecutionListener, org.springframework.test.context.jdbc.SqlScriptsTestExecutionListener, org.springframework.test.context.event.EventPublishingTestExecutionListener]
2021-06-20 07:56:13,854 INFO org.springframework.boot.test.autoconfigure.web.servlet.WebMvcTestContextBootstrapper [main] Using TestExecutionListeners: [org.springframework.test.context.web.ServletTestExecutionListener@17734113, org.springframework.test.context.support.DirtiesContextBeforeModesTestExecutionListener@27aa700, org.springframework.test.context.event.ApplicationEventsTestExecutionListener@d15f98a, org.springframework.boot.test.mock.mockito.MockitoTestExecutionListener@704c3ca2, org.springframework.boot.test.autoconfigure.SpringBootDependencyInjectionTestExecutionListener@7d3a9061, org.springframework.test.context.support.DirtiesContextTestExecutionListener@2a2f7a61, org.springframework.test.context.transaction.TransactionalTestExecutionListener@8d40f07, org.springframework.test.context.jdbc.SqlScriptsTestExecutionListener@196c8b93, org.springframework.test.context.event.EventPublishingTestExecutionListener@307ca947, org.springframework.boot.test.autoconfigure.restdocs.RestDocsTestExecutionListener@61d1315b, org.springframework.boot.test.autoconfigure.web.client.MockRestServiceServerResetTestExecutionListener@49d5b651, org.springframework.boot.test.autoconfigure.web.servlet.MockMvcPrintOnlyOnFailureTestExecutionListener@34989ceb, org.springframework.boot.test.autoconfigure.web.servlet.WebDriverTestExecutionListener@61fb3dae, org.springframework.boot.test.autoconfigure.webservices.client.MockWebServiceServerTestExecutionListener@9c88323, org.springframework.boot.test.mock.mockito.ResetMocksTestExecutionListener@6d4bdb75]
2021-06-20 07:56:13,909 INFO com.cg.osm.controller.ProductControllerTest [main] Starting ProductControllerTest using Java 13.0.2 on DESKTOP-96FTK0U with PID 19164 (started by Almighty in C:\Users\Almighty\eclipse-workspace\OnlineSweetMart-1)
2021-06-20 07:56:13,910 INFO com.cg.osm.controller.ProductControllerTest [main] No active profile set, falling back to default profiles: default
2021-06-20 07:56:15,639 INFO org.springframework.boot.test.mock.web.SpringBootMockServletContext [main] Initializing Spring TestDispatcherServlet ''
2021-06-20 07:56:15,639 INFO org.springframework.test.web.servlet.TestDispatcherServlet [main] Initializing Servlet ''
2021-06-20 07:56:15,640 INFO org.springframework.test.web.servlet.TestDispatcherServlet [main] Completed initialization in 1 ms
2021-06-20 07:56:15,732 INFO com.cg.osm.controller.ProductControllerTest [main] Started ProductControllerTest in 1.871 seconds (JVM running for 18.576)
2021-06-20 07:56:15,972 INFO com.cg.osm.controller.ProductController [main] Product addProduct()
2021-06-20 07:56:16,012 INFO com.cg.osm.controller.ProductController [main] Product getProductById()
2021-06-20 07:56:16,025 INFO com.cg.osm.controller.ProductController [main] Product deleteProduct()
2021-06-20 07:56:16,037 INFO com.cg.osm.controller.ProductController [main] Product updateProduct()
2021-06-20 07:56:16,050 INFO com.cg.osm.controller.ProductController [main] Product deleteProduct()
2021-06-20 07:56:16,073 INFO com.cg.osm.controller.ProductController [main] Product showProducts()
2021-06-20 07:56:16,090 INFO com.cg.osm.controller.ProductController [main] Product addProduct()
2021-06-20 07:56:16,102 INFO com.cg.osm.controller.ProductController [main] Product showProductsOnCategory()
2021-06-20 07:56:16,119 INFO com.cg.osm.controller.ProductController [main] Product showProductsOnCategory()
2021-06-20 07:56:16,137 INFO com.cg.osm.controller.ProductController [main] Product updateProduct()
2021-06-20 07:56:16,158 INFO com.cg.osm.controller.ProductController [main] Product showProducts()
2021-06-20 07:56:16,175 INFO org.springframework.boot.test.autoconfigure.web.servlet.WebMvcTestContextBootstrapper [main] Neither @ContextConfiguration nor @ContextHierarchy found for test class [com.cg.osm.controller.SweetControllerTest], using SpringBootContextLoader
2021-06-20 07:56:16,177 INFO org.springframework.test.context.support.AbstractContextLoader [main] Could not detect default resource locations for test class [com.cg.osm.controller.SweetControllerTest]: no resource found for suffixes {-context.xml, Context.groovy}.
2021-06-20 07:56:16,177 INFO org.springframework.test.context.support.AnnotationConfigContextLoaderUtils [main] Could not detect default configuration classes for test class [com.cg.osm.controller.SweetControllerTest]: SweetControllerTest does not declare any static, non-private, non-final, nested classes annotated with @Configuration.
2021-06-20 07:56:16,181 INFO org.springframework.boot.test.context.SpringBootTestContextBootstrapper [main] Found @SpringBootConfiguration com.cg.OnlineSweetMartApplication for test class com.cg.osm.controller.SweetControllerTest
2021-06-20 07:56:16,182 INFO org.springframework.boot.test.autoconfigure.web.servlet.WebMvcTestContextBootstrapper [main] Loaded default TestExecutionListener class names from location [META-INF/spring.factories]: [org.springframework.boot.test.autoconfigure.restdocs.RestDocsTestExecutionListener, org.springframework.boot.test.autoconfigure.web.client.MockRestServiceServerResetTestExecutionListener, org.springframework.boot.test.autoconfigure.web.servlet.MockMvcPrintOnlyOnFailureTestExecutionListener, org.springframework.boot.test.autoconfigure.web.servlet.WebDriverTestExecutionListener, org.springframework.boot.test.autoconfigure.webservices.client.MockWebServiceServerTestExecutionListener, org.springframework.boot.test.mock.mockito.MockitoTestExecutionListener, org.springframework.boot.test.mock.mockito.ResetMocksTestExecutionListener, org.springframework.test.context.web.ServletTestExecutionListener, org.springframework.test.context.support.DirtiesContextBeforeModesTestExecutionListener, org.springframework.test.context.event.ApplicationEventsTestExecutionListener, org.springframework.test.context.support.DependencyInjectionTestExecutionListener, org.springframework.test.context.support.DirtiesContextTestExecutionListener, org.springframework.test.context.transaction.TransactionalTestExecutionListener, org.springframework.test.context.jdbc.SqlScriptsTestExecutionListener, org.springframework.test.context.event.EventPublishingTestExecutionListener]
2021-06-20 07:56:16,184 INFO org.springframework.boot.test.autoconfigure.web.servlet.WebMvcTestContextBootstrapper [main] Using TestExecutionListeners: [org.springframework.test.context.web.ServletTestExecutionListener@2fe26f79, org.springframework.test.context.support.DirtiesContextBeforeModesTestExecutionListener@11069bdd, org.springframework.test.context.event.ApplicationEventsTestExecutionListener@62b903ae, org.springframework.boot.test.mock.mockito.MockitoTestExecutionListener@60cfa399, org.springframework.boot.test.autoconfigure.SpringBootDependencyInjectionTestExecutionListener@5c6a915e, org.springframework.test.context.support.DirtiesContextTestExecutionListener@7917317d, org.springframework.test.context.transaction.TransactionalTestExecutionListener@5319f982, org.springframework.test.context.jdbc.SqlScriptsTestExecutionListener@4ed74b13, org.springframework.test.context.event.EventPublishingTestExecutionListener@463fc3f6, org.springframework.boot.test.autoconfigure.restdocs.RestDocsTestExecutionListener@6e38e95, org.springframework.boot.test.autoconfigure.web.client.MockRestServiceServerResetTestExecutionListener@1aaab222, org.springframework.boot.test.autoconfigure.web.servlet.MockMvcPrintOnlyOnFailureTestExecutionListener@6ed1fdb7, org.springframework.boot.test.autoconfigure.web.servlet.WebDriverTestExecutionListener@5649a3e8, org.springframework.boot.test.autoconfigure.webservices.client.MockWebServiceServerTestExecutionListener@4cc40892, org.springframework.boot.test.mock.mockito.ResetMocksTestExecutionListener@330888a]
2021-06-20 07:56:16,232 INFO com.cg.osm.controller.SweetControllerTest [main] Starting SweetControllerTest using Java 13.0.2 on DESKTOP-96FTK0U with PID 19164 (started by Almighty in C:\Users\Almighty\eclipse-workspace\OnlineSweetMart-1)
2021-06-20 07:56:16,232 INFO com.cg.osm.controller.SweetControllerTest [main] No active profile set, falling back to default profiles: default
2021-06-20 07:56:19,138 INFO org.springframework.boot.test.mock.web.SpringBootMockServletContext [main] Initializing Spring TestDispatcherServlet ''
2021-06-20 07:56:19,139 INFO org.springframework.test.web.servlet.TestDispatcherServlet [main] Initializing Servlet ''
2021-06-20 07:56:19,141 INFO org.springframework.test.web.servlet.TestDispatcherServlet [main] Completed initialization in 2 ms
2021-06-20 07:56:19,245 INFO com.cg.osm.controller.SweetControllerTest [main] Started SweetControllerTest in 3.059 seconds (JVM running for 22.09)
2021-06-20 07:56:19,261 INFO com.cg.osm.controller.SweetController [main] SweetOrder retreiveAllSweet()
2021-06-20 07:56:19,275 INFO com.cg.osm.controller.SweetController [main] SweetOrder cancelSweetOrder()
2021-06-20 07:56:19,287 INFO com.cg.osm.controller.SweetController [main] SweetOrder findOrderBySweetOrderId()
2021-06-20 07:56:19,297 INFO com.cg.osm.controller.SweetController [main] SweetOrder findOrdersByCustomerId()
2021-06-20 07:56:19,367 INFO com.cg.osm.controller.SweetController [main] SweetOrder addSweetOrder()
2021-06-20 07:56:19,385 INFO com.cg.osm.controller.SweetController [main] SweetOrder cancelSweetOrder()
2021-06-20 07:56:19,396 INFO com.cg.osm.controller.SweetController [main] SweetOrder findOrdersByCustomerId()
2021-06-20 07:56:19,406 INFO com.cg.osm.controller.SweetController [main] SweetOrder retreiveAllSweet()
2021-06-20 07:56:19,413 INFO org.springframework.boot.test.autoconfigure.web.servlet.WebMvcTestContextBootstrapper [main] Neither @ContextConfiguration nor @ContextHierarchy found for test class [com.cg.osm.controller.CategoryControllerTest], using SpringBootContextLoader
2021-06-20 07:56:19,415 INFO org.springframework.test.context.support.AbstractContextLoader [main] Could not detect default resource locations for test class [com.cg.osm.controller.CategoryControllerTest]: no resource found for suffixes {-context.xml, Context.groovy}.
2021-06-20 07:56:19,415 INFO org.springframework.test.context.support.AnnotationConfigContextLoaderUtils [main] Could not detect default configuration classes for test class [com.cg.osm.controller.CategoryControllerTest]: CategoryControllerTest does not declare any static, non-private, non-final, nested classes annotated with @Configuration.
2021-06-20 07:56:19,418 INFO org.springframework.boot.test.context.SpringBootTestContextBootstrapper [main] Found @SpringBootConfiguration com.cg.OnlineSweetMartApplication for test class com.cg.osm.controller.CategoryControllerTest
2021-06-20 07:56:19,419 INFO org.springframework.boot.test.autoconfigure.web.servlet.WebMvcTestContextBootstrapper [main] Loaded default TestExecutionListener class names from location [META-INF/spring.factories]: [org.springframework.boot.test.autoconfigure.restdocs.RestDocsTestExecutionListener, org.springframework.boot.test.autoconfigure.web.client.MockRestServiceServerResetTestExecutionListener, org.springframework.boot.test.autoconfigure.web.servlet.MockMvcPrintOnlyOnFailureTestExecutionListener, org.springframework.boot.test.autoconfigure.web.servlet.WebDriverTestExecutionListener, org.springframework.boot.test.autoconfigure.webservices.client.MockWebServiceServerTestExecutionListener, org.springframework.boot.test.mock.mockito.MockitoTestExecutionListener, org.springframework.boot.test.mock.mockito.ResetMocksTestExecutionListener, org.springframework.test.context.web.ServletTestExecutionListener, org.springframework.test.context.support.DirtiesContextBeforeModesTestExecutionListener, org.springframework.test.context.event.ApplicationEventsTestExecutionListener, org.springframework.test.context.support.DependencyInjectionTestExecutionListener, org.springframework.test.context.support.DirtiesContextTestExecutionListener, org.springframework.test.context.transaction.TransactionalTestExecutionListener, org.springframework.test.context.jdbc.SqlScriptsTestExecutionListener, org.springframework.test.context.event.EventPublishingTestExecutionListener]
2021-06-20 07:56:19,420 INFO org.springframework.boot.test.autoconfigure.web.servlet.WebMvcTestContextBootstrapper [main] Using TestExecutionListeners: [org.springframework.test.context.web.ServletTestExecutionListener@1602b644, org.springframework.test.context.support.DirtiesContextBeforeModesTestExecutionListener@4d0ec988, org.springframework.test.context.event.ApplicationEventsTestExecutionListener@17991766, org.springframework.boot.test.mock.mockito.MockitoTestExecutionListener@33b09909, org.springframework.boot.test.autoconfigure.SpringBootDependencyInjectionTestExecutionListener@3003b9ad, org.springframework.test.context.support.DirtiesContextTestExecutionListener@b7a74ac, org.springframework.test.context.transaction.TransactionalTestExecutionListener@54077082, org.springframework.test.context.jdbc.SqlScriptsTestExecutionListener@63c8d3da, org.springframework.test.context.event.EventPublishingTestExecutionListener@4e2bd0df, org.springframework.boot.test.autoconfigure.restdocs.RestDocsTestExecutionListener@162c02a2, org.springframework.boot.test.autoconfigure.web.client.MockRestServiceServerResetTestExecutionListener@79c0e385, org.springframework.boot.test.autoconfigure.web.servlet.MockMvcPrintOnlyOnFailureTestExecutionListener@5c33b964, org.springframework.boot.test.autoconfigure.web.servlet.WebDriverTestExecutionListener@4c0e2715, org.springframework.boot.test.autoconfigure.webservices.client.MockWebServiceServerTestExecutionListener@3a410524, org.springframework.boot.test.mock.mockito.ResetMocksTestExecutionListener@44e31522]
2021-06-20 07:56:19,459 INFO com.cg.osm.controller.CategoryControllerTest [main] Starting CategoryControllerTest using Java 13.0.2 on DESKTOP-96FTK0U with PID 19164 (started by Almighty in C:\Users\Almighty\eclipse-workspace\OnlineSweetMart-1)
2021-06-20 07:56:19,459 INFO com.cg.osm.controller.CategoryControllerTest [main] No active profile set, falling back to default profiles: default
2021-06-20 07:56:20,946 INFO org.springframework.boot.test.mock.web.SpringBootMockServletContext [main] Initializing Spring TestDispatcherServlet ''
2021-06-20 07:56:20,947 INFO org.springframework.test.web.servlet.TestDispatcherServlet [main] Initializing Servlet ''
2021-06-20 07:56:20,948 INFO org.springframework.test.web.servlet.TestDispatcherServlet [main] Completed initialization in 1 ms
2021-06-20 07:56:21,003 INFO com.cg.osm.controller.CategoryControllerTest [main] Started CategoryControllerTest in 1.579 seconds (JVM running for 23.847)
2021-06-20 07:56:21,021 INFO com.cg.osm.controller.CategoryController [main] Category updateCategory()
2021-06-20 07:56:21,035 INFO com.cg.osm.controller.CategoryController [main] Category updateCategory()
2021-06-20 07:56:21,061 INFO com.cg.osm.controller.CategoryController [main] Category addCategory()
2021-06-20 07:56:21,078 INFO com.cg.osm.controller.CategoryController [main] Category deleteCategoryById()
2021-06-20 07:56:21,106 INFO com.cg.osm.controller.CategoryController [main] Category showAllCategories()
2021-06-20 07:56:21,118 INFO com.cg.osm.controller.CategoryController [main] Category showAllCategories()
2021-06-20 07:56:21,131 INFO com.cg.osm.controller.CategoryController [main] Category getCategoryById()
2021-06-20 07:56:21,160 INFO org.springframework.boot.test.autoconfigure.web.servlet.WebMvcTestContextBootstrapper [main] Neither @ContextConfiguration nor @ContextHierarchy found for test class [com.cg.osm.controller.CustomerControllerTest], using SpringBootContextLoader
2021-06-20 07:56:21,162 INFO org.springframework.test.context.support.AbstractContextLoader [main] Could not detect default resource locations for test class [com.cg.osm.controller.CustomerControllerTest]: no resource found for suffixes {-context.xml, Context.groovy}.
2021-06-20 07:56:21,162 INFO org.springframework.test.context.support.AnnotationConfigContextLoaderUtils [main] Could not detect default configuration classes for test class [com.cg.osm.controller.CustomerControllerTest]: CustomerControllerTest does not declare any static, non-private, non-final, nested classes annotated with @Configuration.
2021-06-20 07:56:21,165 INFO org.springframework.boot.test.context.SpringBootTestContextBootstrapper [main] Found @SpringBootConfiguration com.cg.OnlineSweetMartApplication for test class com.cg.osm.controller.CustomerControllerTest
2021-06-20 07:56:21,167 INFO org.springframework.boot.test.autoconfigure.web.servlet.WebMvcTestContextBootstrapper [main] Loaded default TestExecutionListener class names from location [META-INF/spring.factories]: [org.springframework.boot.test.autoconfigure.restdocs.RestDocsTestExecutionListener, org.springframework.boot.test.autoconfigure.web.client.MockRestServiceServerResetTestExecutionListener, org.springframework.boot.test.autoconfigure.web.servlet.MockMvcPrintOnlyOnFailureTestExecutionListener, org.springframework.boot.test.autoconfigure.web.servlet.WebDriverTestExecutionListener, org.springframework.boot.test.autoconfigure.webservices.client.MockWebServiceServerTestExecutionListener, org.springframework.boot.test.mock.mockito.MockitoTestExecutionListener, org.springframework.boot.test.mock.mockito.ResetMocksTestExecutionListener, org.springframework.test.context.web.ServletTestExecutionListener, org.springframework.test.context.support.DirtiesContextBeforeModesTestExecutionListener, org.springframework.test.context.event.ApplicationEventsTestExecutionListener, org.springframework.test.context.support.DependencyInjectionTestExecutionListener, org.springframework.test.context.support.DirtiesContextTestExecutionListener, org.springframework.test.context.transaction.TransactionalTestExecutionListener, org.springframework.test.context.jdbc.SqlScriptsTestExecutionListener, org.springframework.test.context.event.EventPublishingTestExecutionListener]
2021-06-20 07:56:21,167 INFO org.springframework.boot.test.autoconfigure.web.servlet.WebMvcTestContextBootstrapper [main] Using TestExecutionListeners: [org.springframework.test.context.web.ServletTestExecutionListener@3cbe4472, org.springframework.test.context.support.DirtiesContextBeforeModesTestExecutionListener@79a4f733, org.springframework.test.context.event.ApplicationEventsTestExecutionListener@7c007713, org.springframework.boot.test.mock.mockito.MockitoTestExecutionListener@448ec893, org.springframework.boot.test.autoconfigure.SpringBootDependencyInjectionTestExecutionListener@add99a4, org.springframework.test.context.support.DirtiesContextTestExecutionListener@549eeaa3, org.springframework.test.context.transaction.TransactionalTestExecutionListener@2bd9b7cc, org.springframework.test.context.jdbc.SqlScriptsTestExecutionListener@19a13874, org.springframework.test.context.event.EventPublishingTestExecutionListener@7f57925d, org.springframework.boot.test.autoconfigure.restdocs.RestDocsTestExecutionListener@5c3fb4e6, org.springframework.boot.test.autoconfigure.web.client.MockRestServiceServerResetTestExecutionListener@3a3e0f7a, org.springframework.boot.test.autoconfigure.web.servlet.MockMvcPrintOnlyOnFailureTestExecutionListener@2a4cf2d1, org.springframework.boot.test.autoconfigure.web.servlet.WebDriverTestExecutionListener@69ca48bf, org.springframework.boot.test.autoconfigure.webservices.client.MockWebServiceServerTestExecutionListener@48f359e4, org.springframework.boot.test.mock.mockito.ResetMocksTestExecutionListener@27cda5f]
2021-06-20 07:56:21,212 INFO com.cg.osm.controller.CustomerControllerTest [main] Starting CustomerControllerTest using Java 13.0.2 on DESKTOP-96FTK0U with PID 19164 (started by Almighty in C:\Users\Almighty\eclipse-workspace\OnlineSweetMart-1)
2021-06-20 07:56:21,216 INFO com.cg.osm.controller.CustomerControllerTest [main] No active profile set, falling back to default profiles: default
2021-06-20 07:56:22,633 INFO org.springframework.boot.test.mock.web.SpringBootMockServletContext [main] Initializing Spring TestDispatcherServlet ''
2021-06-20 07:56:22,634 INFO org.springframework.test.web.servlet.TestDispatcherServlet [main] Initializing Servlet ''
2021-06-20 07:56:22,635 INFO org.springframework.test.web.servlet.TestDispatcherServlet [main] Completed initialization in 1 ms
2021-06-20 07:56:22,743 INFO com.cg.osm.controller.CustomerControllerTest [main] Started CustomerControllerTest in 1.572 seconds (JVM running for 25.587)
2021-06-20 07:56:22,755 INFO com.cg.osm.controller.CustomerController [main] Customer findCustomerById()
2021-06-20 07:56:22,775 INFO com.cg.osm.controller.CustomerController [main] Customer showAllCustomers()
2021-06-20 07:56:22,831 INFO com.cg.osm.controller.CustomerController [main] Customer findCustomerByName()
2021-06-20 07:56:22,841 INFO com.cg.osm.controller.CustomerController [main] Customer deleteCustomer()
2021-06-20 07:56:22,854 INFO com.cg.osm.controller.CustomerController [main] Customer showAllCustomers()
2021-06-20 07:56:22,878 INFO com.cg.osm.controller.CustomerController [main] Customer deleteCustomer()
2021-06-20 07:56:22,923 INFO org.springframework.orm.jpa.LocalContainerEntityManagerFactoryBean [SpringApplicationShutdownHook] Closing JPA EntityManagerFactory for persistence unit 'default'
2021-06-20 07:56:22,929 INFO com.zaxxer.hikari.HikariDataSource [SpringApplicationShutdownHook] HikariPool-1 - Shutdown initiated...
2021-06-20 07:56:22,950 INFO com.zaxxer.hikari.HikariDataSource [SpringApplicationShutdownHook] HikariPool-1 - Shutdown completed.
2021-06-20 19:56:45,899 INFO com.cg.OnlineSweetMartApplication [main] Starting OnlineSweetMartApplication using Java 13.0.2 on DESKTOP-96FTK0U with PID 4092 (C:\Users\Almighty\git\OnlineSweetMart\OnlineSweetMart\OnlineSweetMart\OnlineSweetMart\OnlineSweetMart-1\bin\main started by Almighty in C:\Users\Almighty\git\OnlineSweetMart\OnlineSweetMart\OnlineSweetMart\OnlineSweetMart\OnlineSweetMart-1)
2021-06-20 19:56:45,919 INFO com.cg.OnlineSweetMartApplication [main] No active profile set, falling back to default profiles: default
2021-06-20 19:56:47,137 INFO org.springframework.data.repository.config.RepositoryConfigurationDelegate [main] Bootstrapping Spring Data JPA repositories in DEFAULT mode.
2021-06-20 19:56:47,225 INFO org.springframework.data.repository.config.RepositoryConfigurationDelegate [main] Finished Spring Data repository scanning in 79 ms. Found 5 JPA repository interfaces.
2021-06-20 19:56:48,515 INFO org.springframework.boot.web.embedded.tomcat.TomcatWebServer [main] Tomcat initialized with port(s): 8085 (http)
2021-06-20 19:56:48,535 INFO org.apache.coyote.http11.Http11NioProtocol [main] Initializing ProtocolHandler ["http-nio-8085"]
2021-06-20 19:56:48,536 INFO org.apache.catalina.core.StandardService [main] Starting service [Tomcat]
2021-06-20 19:56:48,537 INFO org.apache.catalina.core.StandardEngine [main] Starting Servlet engine: [Apache Tomcat/9.0.46]
2021-06-20 19:56:48,883 INFO org.apache.catalina.core.ContainerBase.[Tomcat].[localhost].[/] [main] Initializing Spring embedded WebApplicationContext
2021-06-20 19:56:48,884 INFO org.springframework.boot.web.servlet.context.ServletWebServerApplicationContext [main] Root WebApplicationContext: initialization completed in 2902 ms
2021-06-20 19:56:49,470 INFO com.zaxxer.hikari.HikariDataSource [main] HikariPool-1 - Starting...
2021-06-20 19:56:50,452 INFO com.zaxxer.hikari.HikariDataSource [main] HikariPool-1 - Start completed.
2021-06-20 19:56:50,921 INFO org.hibernate.jpa.internal.util.LogHelper [main] HHH000204: Processing PersistenceUnitInfo [name: default]
2021-06-20 19:56:51,031 INFO org.hibernate.Version [main] HHH000412: Hibernate ORM core version 5.4.32.Final
2021-06-20 19:56:51,296 INFO org.hibernate.annotations.common.Version [main] HCANN000001: Hibernate Commons Annotations {5.1.2.Final}
2021-06-20 19:56:51,610 INFO org.hibernate.dialect.Dialect [main] HHH000400: Using dialect: org.hibernate.dialect.PostgreSQL10Dialect
2021-06-20 19:56:56,727 INFO org.hibernate.engine.transaction.jta.platform.internal.JtaPlatformInitiator [main] HHH000490: Using JtaPlatform implementation: [org.hibernate.engine.transaction.jta.platform.internal.NoJtaPlatform]
2021-06-20 19:56:56,748 INFO org.springframework.orm.jpa.LocalContainerEntityManagerFactoryBean [main] Initialized JPA EntityManagerFactory for persistence unit 'default'
2021-06-20 19:56:58,834 WARN org.springframework.boot.autoconfigure.orm.jpa.JpaBaseConfiguration$JpaWebConfiguration [main] spring.jpa.open-in-view is enabled by default. Therefore, database queries may be performed during view rendering. Explicitly configure spring.jpa.open-in-view to disable this warning
2021-06-20 19:57:01,142 INFO org.apache.coyote.http11.Http11NioProtocol [main] Starting ProtocolHandler ["http-nio-8085"]
2021-06-20 19:57:01,686 INFO org.springframework.boot.web.embedded.tomcat.TomcatWebServer [main] Tomcat started on port(s): 8085 (http) with context path ''
2021-06-20 19:57:02,819 INFO com.cg.OnlineSweetMartApplication [main] Started OnlineSweetMartApplication in 17.373 seconds (JVM running for 19.503)
2021-06-20 19:57:17,760 INFO org.springframework.boot.admin.SpringApplicationAdminMXBeanRegistrar$SpringApplicationAdmin [RMI TCP Connection(7)-127.0.0.1] Application shutdown requested.
2021-06-20 19:57:18,069 INFO org.springframework.orm.jpa.LocalContainerEntityManagerFactoryBean [RMI TCP Connection(7)-127.0.0.1] Closing JPA EntityManagerFactory for persistence unit 'default'
2021-06-20 19:57:18,075 INFO com.zaxxer.hikari.HikariDataSource [RMI TCP Connection(7)-127.0.0.1] HikariPool-1 - Shutdown initiated...
2021-06-20 19:57:18,083 INFO com.zaxxer.hikari.HikariDataSource [RMI TCP Connection(7)-127.0.0.1] HikariPool-1 - Shutdown completed.
2021-06-20 19:57:24,134 INFO com.cg.OnlineSweetMartApplication [main] Starting OnlineSweetMartApplication using Java 13.0.2 on DESKTOP-96FTK0U with PID 6912 (C:\Users\Almighty\git\OnlineSweetMart\OnlineSweetMart\OnlineSweetMart\OnlineSweetMart\OnlineSweetMart-1\bin\main started by Almighty in C:\Users\Almighty\git\OnlineSweetMart\OnlineSweetMart\OnlineSweetMart\OnlineSweetMart\OnlineSweetMart-1)
2021-06-20 19:57:24,139 INFO com.cg.OnlineSweetMartApplication [main] No active profile set, falling back to default profiles: default
2021-06-20 19:57:25,484 INFO org.springframework.data.repository.config.RepositoryConfigurationDelegate [main] Bootstrapping Spring Data JPA repositories in DEFAULT mode.
2021-06-20 19:57:25,556 INFO org.springframework.data.repository.config.RepositoryConfigurationDelegate [main] Finished Spring Data repository scanning in 64 ms. Found 5 JPA repository interfaces.
2021-06-20 19:57:26,237 INFO org.springframework.boot.web.embedded.tomcat.TomcatWebServer [main] Tomcat initialized with port(s): 8085 (http)
2021-06-20 19:57:26,246 INFO org.apache.coyote.http11.Http11NioProtocol [main] Initializing ProtocolHandler ["http-nio-8085"]
2021-06-20 19:57:26,247 INFO org.apache.catalina.core.StandardService [main] Starting service [Tomcat]
2021-06-20 19:57:26,247 INFO org.apache.catalina.core.StandardEngine [main] Starting Servlet engine: [Apache Tomcat/9.0.46]
2021-06-20 19:57:26,581 INFO org.apache.catalina.core.ContainerBase.[Tomcat].[localhost].[/] [main] Initializing Spring embedded WebApplicationContext
2021-06-20 19:57:26,581 INFO org.springframework.boot.web.servlet.context.ServletWebServerApplicationContext [main] Root WebApplicationContext: initialization completed in 2379 ms
2021-06-20 19:57:26,819 INFO com.zaxxer.hikari.HikariDataSource [main] HikariPool-1 - Starting...
2021-06-20 19:57:27,021 INFO com.zaxxer.hikari.HikariDataSource [main] HikariPool-1 - Start completed.
2021-06-20 19:57:27,238 INFO org.hibernate.jpa.internal.util.LogHelper [main] HHH000204: Processing PersistenceUnitInfo [name: default]
2021-06-20 19:57:27,329 INFO org.hibernate.Version [main] HHH000412: Hibernate ORM core version 5.4.32.Final
2021-06-20 19:57:27,509 INFO org.hibernate.annotations.common.Version [main] HCANN000001: Hibernate Commons Annotations {5.1.2.Final}
2021-06-20 19:57:27,647 INFO org.hibernate.dialect.Dialect [main] HHH000400: Using dialect: org.hibernate.dialect.PostgreSQL10Dialect
2021-06-20 19:57:29,140 INFO org.hibernate.engine.transaction.jta.platform.internal.JtaPlatformInitiator [main] HHH000490: Using JtaPlatform implementation: [org.hibernate.engine.transaction.jta.platform.internal.NoJtaPlatform]
2021-06-20 19:57:29,149 INFO org.springframework.orm.jpa.LocalContainerEntityManagerFactoryBean [main] Initialized JPA EntityManagerFactory for persistence unit 'default'
2021-06-20 19:57:30,035 WARN org.springframework.boot.autoconfigure.orm.jpa.JpaBaseConfiguration$JpaWebConfiguration [main] spring.jpa.open-in-view is enabled by default. Therefore, database queries may be performed during view rendering. Explicitly configure spring.jpa.open-in-view to disable this warning
2021-06-20 19:57:31,132 INFO org.apache.coyote.http11.Http11NioProtocol [main] Starting ProtocolHandler ["http-nio-8085"]
2021-06-20 19:57:31,381 INFO org.springframework.boot.web.embedded.tomcat.TomcatWebServer [main] Tomcat started on port(s): 8085 (http) with context path ''
2021-06-20 19:57:31,829 INFO com.cg.OnlineSweetMartApplication [main] Started OnlineSweetMartApplication in 8.158 seconds (JVM running for 9.463)
